<?xml version="1.0" encoding="UTF-8"?>
<!-- Generated by org.testng.reporters.JUnitXMLReporter -->
<testsuite ignored="0" hostname="ram" failures="0" tests="4" name="Default test" time="0.623" errors="0" timestamp="2024-09-23T17:35:01 IST">
  <testcase classname="com.jdbc.DbTesting.automationEmployee.EmployeeDatabase" name="test_DB_InsertData" time="0.1"/>
  <testcase classname="com.jdbc.DbTesting.automationEmployee.EmployeeDatabase" name="test_DB_UpdateData" time="0.033"/>
  <testcase classname="com.jdbc.DbTesting.automationEmployee.EmployeeDatabase" name="test_DB_DeleteData" time="0.032"/>
  <testcase classname="com.jdbc.DbTesting.automationEmployee.EmployeeDatabase" name="test_DB_SelectData" time="0.015"/>
</testsuite> <!-- Default test -->
