<?xml version="1.0" encoding="UTF-8"?>
<testng-results ignored="0" total="4" passed="4" failed="0" skipped="0">
  <reporter-output>
  </reporter-output>
  <suite started-at="2024-09-23T17:35:00 IST" name="Default suite" finished-at="2024-09-23T17:35:01 IST" duration-ms="623">
    <groups>
    </groups>
    <test started-at="2024-09-23T17:35:00 IST" name="Default test" finished-at="2024-09-23T17:35:01 IST" duration-ms="623">
      <class name="com.jdbc.DbTesting.automationEmployee.EmployeeDatabase">
        <test-method is-config="true" signature="getConnection()[pri:0, instance:com.jdbc.DbTesting.automationEmployee.EmployeeDatabase@1b7cc17c]" started-at="2024-09-23T17:35:00 IST" name="getConnection" finished-at="2024-09-23T17:35:00 IST" duration-ms="403" status="PASS">
          <reporter-output>
          </reporter-output>
        </test-method> <!-- getConnection -->
        <test-method signature="test_DB_InsertData()[pri:1, instance:com.jdbc.DbTesting.automationEmployee.EmployeeDatabase@1b7cc17c]" started-at="2024-09-23T17:35:01 IST" name="test_DB_InsertData" finished-at="2024-09-23T17:35:01 IST" duration-ms="100" status="PASS">
          <reporter-output>
          </reporter-output>
        </test-method> <!-- test_DB_InsertData -->
        <test-method signature="test_DB_UpdateData()[pri:2, instance:com.jdbc.DbTesting.automationEmployee.EmployeeDatabase@1b7cc17c]" started-at="2024-09-23T17:35:01 IST" name="test_DB_UpdateData" finished-at="2024-09-23T17:35:01 IST" duration-ms="33" status="PASS">
          <reporter-output>
          </reporter-output>
        </test-method> <!-- test_DB_UpdateData -->
        <test-method signature="test_DB_DeleteData()[pri:3, instance:com.jdbc.DbTesting.automationEmployee.EmployeeDatabase@1b7cc17c]" started-at="2024-09-23T17:35:01 IST" name="test_DB_DeleteData" finished-at="2024-09-23T17:35:01 IST" duration-ms="32" status="PASS">
          <reporter-output>
          </reporter-output>
        </test-method> <!-- test_DB_DeleteData -->
        <test-method signature="test_DB_SelectData()[pri:4, instance:com.jdbc.DbTesting.automationEmployee.EmployeeDatabase@1b7cc17c]" started-at="2024-09-23T17:35:01 IST" name="test_DB_SelectData" finished-at="2024-09-23T17:35:01 IST" duration-ms="15" status="PASS">
          <reporter-output>
          </reporter-output>
        </test-method> <!-- test_DB_SelectData -->
      </class> <!-- com.jdbc.DbTesting.automationEmployee.EmployeeDatabase -->
    </test> <!-- Default test -->
  </suite> <!-- Default suite -->
</testng-results>
